#
# There is insufficient memory for the Java Runtime Environment to continue.
# Native memory allocation (mmap) failed to map 1073741824 bytes for Failed to commit area from 0x0000000401000000 to 0x0000000441000000 of length 1073741824.
# Possible reasons:
#   The system is out of physical RAM or swap space
#   The process is running with CompressedOops enabled, and the Java Heap may be blocking the growth of the native heap
# Possible solutions:
#   Reduce memory load on the system
#   Increase physical memory or swap space
#   Check if swap backing store is full
#   Decrease Java heap size (-Xmx/-Xms)
#   Decrease number of Java threads
#   Decrease Java thread stack sizes (-Xss)
#   Set larger code cache with -XX:ReservedCodeCacheSize=
# This output file may be truncated or incomplete.
#
#  Out of Memory Error (./src/hotspot/os/windows/os_windows.cpp:3521), pid=63916, tid=64204
#
# JRE version:  (11.0.12+7) (build )
# Java VM: Dynamic Code Evolution 64-Bit Server VM (11.0.12+7-b1504.28, mixed mode, sharing, tiered, compressed oops, g1 gc, windows-amd64)
# No core dump will be written. Minidumps are not enabled by default on client versions of Windows
#

---------------  S U M M A R Y ------------

Command Line: git4idea.http.GitAskPassApp Password for 'https://ChristopherSchubert@github.com': 

Host: AMD Ryzen 9 3900X 12-Core Processor            , 24 cores, 63G,  Windows 10 , 64 bit Build 19041 (10.0.19041.1348)
Time: Tue Nov 23 13:38:35 2021 Eastern Standard Time elapsed time: 0.025815 seconds (0d 0h 0m 0s)

---------------  T H R E A D  ---------------

Current thread (0x0000021b592d5000):  JavaThread "Unknown thread" [_thread_in_vm, id=64204, stack(0x000000b0fce00000,0x000000b0fcf00000)]

Stack: [0x000000b0fce00000,0x000000b0fcf00000]
Native frames: (J=compiled Java code, j=interpreted, Vv=VM code, C=native code)
V  [jvm.dll+0x60b23a]
V  [jvm.dll+0x78ffa5]
V  [jvm.dll+0x7915bd]
V  [jvm.dll+0x791c73]
V  [jvm.dll+0x24da48]
V  [jvm.dll+0x6085f4]
V  [jvm.dll+0x5fd1c5]
V  [jvm.dll+0x30d55b]
V  [jvm.dll+0x30d4ca]
V  [jvm.dll+0x30d3a2]
V  [jvm.dll+0x312306]
V  [jvm.dll+0x35b493]
V  [jvm.dll+0x35bb96]
V  [jvm.dll+0x35b593]
V  [jvm.dll+0x2e6e68]
V  [jvm.dll+0x2e8007]
V  [jvm.dll+0x76e657]
V  [jvm.dll+0x76ff2c]
V  [jvm.dll+0x368a19]
V  [jvm.dll+0x751ece]
V  [jvm.dll+0x3d1803]
V  [jvm.dll+0x3d3bd1]
C  [jli.dll+0x536b]
C  [ucrtbase.dll+0x21bb2]
C  [KERNEL32.DLL+0x17034]
C  [ntdll.dll+0x52651]


---------------  P R O C E S S  ---------------

Threads class SMR info:
_java_thread_list=0x0000021b57153650, length=0, elements={
}

Java Threads: ( => current thread )

Other Threads:
  0x0000021b592e9000 GCTaskThread "GC Thread#0" [stack: 0x000000b0fcf00000,0x000000b0fd000000] [id=64484]
  0x0000021b593a9000 ConcurrentGCThread "G1 Main Marker" [stack: 0x000000b0fd000000,0x000000b0fd100000] [id=64488]
  0x0000021b593aa800 ConcurrentGCThread "G1 Conc#0" [stack: 0x000000b0fd100000,0x000000b0fd200000] [id=64492]

[error occurred during error reporting (printing all threads), id 0xc0000005, EXCEPTION_ACCESS_VIOLATION (0xc0000005) at pc=0x00007ffd4a637607]

VM state:not at safepoint (not fully initialized)

VM Mutex/Monitor currently owned by a thread:  ([mutex/lock_event])
[0x0000021b592d01c0] Heap_lock - owner thread: 0x0000021b592d5000

Heap address: 0x0000000401000000, size: 16368 MB, Compressed Oops mode: Non-zero based: 0x0000000401000000
Narrow klass base: 0x0000000000000000, Narrow klass shift: 0

GC Heap History (0 events):
No events

Deoptimization events (0 events):
No events

Classes redefined (0 events):
No events

Internal exceptions (0 events):
No events

Events (1 events):
Event: 0.015 Loaded shared library C:\Program Files\JetBrains\JetBrains Rider 2019.1.3\jbr\bin\zip.dll


Dynamic libraries:
0x00007ff73a480000 - 0x00007ff73a48a000 	C:\Program Files\JetBrains\JetBrains Rider 2019.1.3\jbr\bin\java.exe
0x00007ffd94990000 - 0x00007ffd94b85000 	C:\WINDOWS\SYSTEM32\ntdll.dll
0x00007ffd92f20000 - 0x00007ffd92fde000 	C:\WINDOWS\System32\KERNEL32.DLL
0x00007ffd924d0000 - 0x00007ffd92798000 	C:\WINDOWS\System32\KERNELBASE.dll
0x00007ffd928b0000 - 0x00007ffd929b0000 	C:\WINDOWS\System32\ucrtbase.dll
0x00007ffd5ca60000 - 0x00007ffd5ca79000 	C:\Program Files\JetBrains\JetBrains Rider 2019.1.3\jbr\bin\jli.dll
0x00007ffd5a970000 - 0x00007ffd5a987000 	C:\Program Files\JetBrains\JetBrains Rider 2019.1.3\jbr\bin\VCRUNTIME140.dll
0x00007ffd93140000 - 0x00007ffd932e1000 	C:\WINDOWS\System32\USER32.dll
0x00007ffd929b0000 - 0x00007ffd929d2000 	C:\WINDOWS\System32\win32u.dll
0x00007ffd82050000 - 0x00007ffd822ea000 	C:\WINDOWS\WinSxS\amd64_microsoft.windows.common-controls_6595b64144ccf1df_6.0.19041.1110_none_60b5254171f9507e\COMCTL32.dll
0x00007ffd93b40000 - 0x00007ffd93b6b000 	C:\WINDOWS\System32\GDI32.dll
0x00007ffd932f0000 - 0x00007ffd9338e000 	C:\WINDOWS\System32\msvcrt.dll
0x00007ffd92100000 - 0x00007ffd9220b000 	C:\WINDOWS\System32\gdi32full.dll
0x00007ffd92240000 - 0x00007ffd922dd000 	C:\WINDOWS\System32\msvcp_win.dll
0x00007ffd93d00000 - 0x00007ffd93d30000 	C:\WINDOWS\System32\IMM32.DLL
0x00007ffd48220000 - 0x00007ffd482bd000 	C:\Program Files\JetBrains\JetBrains Rider 2019.1.3\jbr\bin\msvcp140.dll
0x00007ffd4a340000 - 0x00007ffd4aea8000 	C:\Program Files\JetBrains\JetBrains Rider 2019.1.3\jbr\bin\server\jvm.dll
0x00007ffd94420000 - 0x00007ffd944cc000 	C:\WINDOWS\System32\ADVAPI32.dll
0x00007ffd93c00000 - 0x00007ffd93c9b000 	C:\WINDOWS\System32\sechost.dll
0x00007ffd92a90000 - 0x00007ffd92bba000 	C:\WINDOWS\System32\RPCRT4.dll
0x00007ffd92fe0000 - 0x00007ffd92fe8000 	C:\WINDOWS\System32\PSAPI.DLL
0x00007ffd8da90000 - 0x00007ffd8da99000 	C:\WINDOWS\SYSTEM32\WSOCK32.dll
0x00007ffd86220000 - 0x00007ffd86247000 	C:\WINDOWS\SYSTEM32\WINMM.dll
0x00007ffd93ad0000 - 0x00007ffd93b3b000 	C:\WINDOWS\System32\WS2_32.dll
0x00007ffd8c230000 - 0x00007ffd8c23a000 	C:\WINDOWS\SYSTEM32\VERSION.dll
0x00007ffd8ffd0000 - 0x00007ffd8ffe2000 	C:\WINDOWS\SYSTEM32\kernel.appcore.dll
0x00007ffd8da70000 - 0x00007ffd8da81000 	C:\Program Files\JetBrains\JetBrains Rider 2019.1.3\jbr\bin\verify.dll
0x00007ffd82510000 - 0x00007ffd826f4000 	C:\WINDOWS\SYSTEM32\DBGHELP.DLL
0x00007ffd81cc0000 - 0x00007ffd81cec000 	C:\WINDOWS\SYSTEM32\dbgcore.DLL
0x00007ffd922e0000 - 0x00007ffd92363000 	C:\WINDOWS\System32\bcryptPrimitives.dll
0x00007ffd72cb0000 - 0x00007ffd72cd9000 	C:\Program Files\JetBrains\JetBrains Rider 2019.1.3\jbr\bin\java.dll
0x00007ffd8d200000 - 0x00007ffd8d20b000 	C:\Program Files\JetBrains\JetBrains Rider 2019.1.3\jbr\bin\jimage.dll
0x00007ffd8ae70000 - 0x00007ffd8ae88000 	C:\Program Files\JetBrains\JetBrains Rider 2019.1.3\jbr\bin\zip.dll

dbghelp: loaded successfully - version: 4.0.5 - missing functions: none
symbol engine: initialized successfully - sym options: 0x614 - pdb path: .;C:\Program Files\JetBrains\JetBrains Rider 2019.1.3\jbr\bin;C:\WINDOWS\SYSTEM32;C:\WINDOWS\WinSxS\amd64_microsoft.windows.common-controls_6595b64144ccf1df_6.0.19041.1110_none_60b5254171f9507e;C:\Program Files\JetBrains\JetBrains Rider 2019.1.3\jbr\bin\server

VM Arguments:
java_command: git4idea.http.GitAskPassApp Password for 'https://ChristopherSchubert@github.com': 
java_class_path (initial): C:/Program Files/JetBrains/JetBrains Rider 2019.1.3/plugins/git4idea/lib/git4idea-rt.jar;C:/Program Files/JetBrains/JetBrains Rider 2019.1.3/lib/3rd-party.jar
Launcher Type: SUN_STANDARD

[Global flags]
     intx CICompilerCount                          = 12                                        {product} {ergonomic}
     uint ConcGCThreads                            = 5                                         {product} {ergonomic}
     uint G1ConcRefinementThreads                  = 18                                        {product} {ergonomic}
   size_t G1HeapRegionSize                         = 4194304                                   {product} {ergonomic}
    uintx GCDrainStackTargetSize                   = 64                                        {product} {ergonomic}
   size_t InitialHeapSize                          = 1073741824                                {product} {ergonomic}
   size_t MarkStackSize                            = 4194304                                   {product} {ergonomic}
   size_t MaxHeapSize                              = 17163091968                               {product} {ergonomic}
   size_t MinHeapDeltaBytes                        = 4194304                                   {product} {ergonomic}
    uintx NonNMethodCodeHeapSize                   = 7594288                                {pd product} {ergonomic}
    uintx NonProfiledCodeHeapSize                  = 122031976                              {pd product} {ergonomic}
    uintx ProfiledCodeHeapSize                     = 122031976                              {pd product} {ergonomic}
    uintx ReservedCodeCacheSize                    = 251658240                              {pd product} {ergonomic}
     bool SegmentedCodeCache                       = true                                      {product} {ergonomic}
     bool UseCompressedClassPointers               = true                                 {lp64_product} {ergonomic}
     bool UseCompressedOops                        = true                                 {lp64_product} {ergonomic}
     bool UseG1GC                                  = true                                      {product} {ergonomic}
     bool UseLargePagesIndividualAllocation        = false                                  {pd product} {ergonomic}

Logging:
Log output configuration:
 #0: stdout all=warning uptime,level,tags
 #1: stderr all=off uptime,level,tags

Environment Variables:
PATH=C:\Program Files\Git\mingw64\libexec\git-core;C:\Program Files\Git\mingw64\libexec\git-core;C:\Program Files\Git\mingw64\bin;C:\Program Files\Git\usr\bin;C:\Users\Chris\bin;C:\Program Files (x86)\PHP\v7.4;C:\Windows\system32;C:\Windows;C:\Windows\System32\Wbem;C:\Windows\System32\WindowsPowerShell\v1.0;C:\Windows\System32\OpenSSH;C:\Program Files\dotnet;C:\Program Files\Microsoft SQL Server\120\Tools\Binn;C:\Program Files\NVIDIA Corporation\NVIDIA NvDLISR;C:\WINDOWS\system32;C:\WINDOWS;C:\WINDOWS\System32\Wbem;C:\WINDOWS\System32\WindowsPowerShell\v1.0;C:\WINDOWS\System32\OpenSSH;C:\Program Files\Git LFS;C:\Program Files\Git\cmd;C:\Users\Chris\com.appalachia\appa;C:\Program Files\nodejs;C:\ProgramData\chocolatey\bin;C:\Program Files (x86)\Common Files\Oracle\Java\javapath;C:\Program Files\ImageMagick-7.0.11-Q16-HDRI;C:\Program Files (x86)\NVIDIA Corporation\PhysX\Common;C:\Program Files\Common Files\Autodesk Shared;C:\Program Files (x86)\GitExtensions;C:\Program Files\Microsoft\Web Platform Installer;C:\Users\Chris\com.appalachia\appa\.bin;C:\Users\Chris\AppData\Local\Programs\Python\Python39;C:\Users\Chris\AppData\Local\Programs\Microsoft VS Code\bin;C:\Users\Chris;C:\WINDOWS\system32;C:\WINDOWS;C:\WINDOWS\System32\Wbem;C:\WINDOWS\System32\WindowsPowerShell\v1.0;C:\WINDOWS\System32\OpenSSH;C:\Program Files\Docker\Docker\resources\bin;C:\ProgramData\DockerDesktop\version-bin;C:\Program Files\MySQL\MySQL Shell 8.0\bin;C:\Users\Chris\com.appalachia\appa;C:\Users\Chris\com.appalachia\appa\.bin;C:\Users\Chris\AppData\Local\Programs\Python\Python39;C:\Users\Chris\AppData\Local\Programs\Microsoft VS Code\bin;C:\Users\Chris\AppData\Local\GitHubDesktop\bin;C:\Program Files\JetBrains\PyCharm Community Edition 2020.2.2\bin;C:\Users\Chris\AppData\Roaming\npm;C:\Program Files (x86)\GitHub CLI;C:\Users\Chris\AppData\Local\Microsoft\WindowsApps;C:\Users\Chris\AppData\Local\Programs\Python\Launcher;C:\Users\Chris\com.appalachia\node_modules\.bin;C:\Users\Chris\AppData\Local\Prog
USERNAME=Chris
DISPLAY=:0.0
LC_ALL=en_US.UTF-8
OS=Windows_NT
PROCESSOR_IDENTIFIER=AMD64 Family 23 Model 113 Stepping 0, AuthenticAMD



---------------  S Y S T E M  ---------------

OS: Windows 10 , 64 bit Build 19041 (10.0.19041.1348)
OS uptime: 11 days 15:21 hours

CPU:total 24 (initial active 24) (24 cores per cpu, 2 threads per core) family 23 model 113 stepping 0 microcode 0x0, cmov, cx8, fxsr, mmx, sse, sse2, sse3, ssse3, sse4.1, sse4.2, popcnt, avx, avx2, aes, clmul, mmxext, 3dnowpref, lzcnt, sse4a, ht, tsc, tscinvbit, tscinv, bmi1, bmi2, adx, sha, fma

Memory: 4k page, system-wide physical 65461M (19898M free)
TotalPageFile size 89433M (AvailPageFile size 333M)
current process WorkingSet (physical memory assigned to process): 10M, peak: 10M
current process commit charge ("private bytes"): 82M, peak: 1106M

vm_info: Dynamic Code Evolution 64-Bit Server VM (11.0.12+7-b1504.28) for windows-amd64 JRE (11.0.12+7-b1504.28), built on Sep  3 2021 08:06:30 by "" with MS VC++ 14.0 (VS2015)

END.
